
-------------------------------------------------------------------------------
Parsing project file - D:\musketeer\rework_musketeer.xml
Mod Data Directory = D:/musketeer/

-------------------------------------------------------------------------------
Processing Map Files files...

-------------------------------------------------------------------------------
Running Localization...
Parsing localization/musketeer.string_table.xml

Building Languages
Exporting .loc files

-------------------------------------------------------------------------------
Searching for preview icon file D:/musketeer/preview_icon.png...FOUND!
<UploadMode> - Set to direct_upload


-------------------------------------------------------------------------------
Detected 2 unchanged files
The following files are unchanged and will be uploaded...
D:/musketeer/raid/camping/skill_icons/camp_skill_clean_musket.png
D:/musketeer/colours/base.colours.darkest

-------------------------------------------------------------------------------
Modded files...

heroes/musketeer/musketeer_A/anim/musketeer.sprite.afflicted.png
heroes/musketeer/musketeer_A/anim/musketeer.sprite.attack_artillery.png
heroes/musketeer/musketeer_A/anim/musketeer.sprite.attack_bandage.png
heroes/musketeer/musketeer_A/anim/musketeer.sprite.attack_pistol.png
heroes/musketeer/musketeer_A/anim/musketeer.sprite.attack_point.png
heroes/musketeer/musketeer_A/anim/musketeer.sprite.attack_rifle.png
heroes/musketeer/musketeer_A/anim/musketeer.sprite.camp.png
heroes/musketeer/musketeer_A/anim/musketeer.sprite.combat.png
heroes/musketeer/musketeer_A/anim/musketeer.sprite.defend.png
heroes/musketeer/musketeer_A/anim/musketeer.sprite.heroic.png
heroes/musketeer/musketeer_A/anim/musketeer.sprite.idle.png
heroes/musketeer/musketeer_A/anim/musketeer.sprite.investigate.png
heroes/musketeer/musketeer_A/anim/musketeer.sprite.walk.png
heroes/musketeer/musketeer_B/anim/musketeer.sprite.afflicted.png
heroes/musketeer/musketeer_B/anim/musketeer.sprite.attack_artillery.png
heroes/musketeer/musketeer_B/anim/musketeer.sprite.attack_bandage.png
heroes/musketeer/musketeer_B/anim/musketeer.sprite.attack_pistol.png
heroes/musketeer/musketeer_B/anim/musketeer.sprite.attack_point.png
heroes/musketeer/musketeer_B/anim/musketeer.sprite.attack_rifle.png
heroes/musketeer/musketeer_B/anim/musketeer.sprite.camp.png
heroes/musketeer/musketeer_B/anim/musketeer.sprite.combat.png
heroes/musketeer/musketeer_B/anim/musketeer.sprite.defend.png
heroes/musketeer/musketeer_B/anim/musketeer.sprite.heroic.png
heroes/musketeer/musketeer_B/anim/musketeer.sprite.idle.png
heroes/musketeer/musketeer_B/anim/musketeer.sprite.investigate.png
heroes/musketeer/musketeer_B/anim/musketeer.sprite.walk.png
heroes/musketeer/musketeer_C/anim/musketeer.sprite.afflicted.png
heroes/musketeer/musketeer_C/anim/musketeer.sprite.attack_artillery.png
heroes/musketeer/musketeer_C/anim/musketeer.sprite.attack_bandage.png
heroes/musketeer/musketeer_C/anim/musketeer.sprite.attack_pistol.png
heroes/musketeer/musketeer_C/anim/musketeer.sprite.attack_point.png
heroes/musketeer/musketeer_C/anim/musketeer.sprite.attack_rifle.png
heroes/musketeer/musketeer_C/anim/musketeer.sprite.camp.png
heroes/musketeer/musketeer_C/anim/musketeer.sprite.combat.png
heroes/musketeer/musketeer_C/anim/musketeer.sprite.defend.png
heroes/musketeer/musketeer_C/anim/musketeer.sprite.heroic.png
heroes/musketeer/musketeer_C/anim/musketeer.sprite.idle.png
heroes/musketeer/musketeer_C/anim/musketeer.sprite.investigate.png
heroes/musketeer/musketeer_C/anim/musketeer.sprite.walk.png
heroes/musketeer/musketeer_D/anim/musketeer.sprite.afflicted.png
heroes/musketeer/musketeer_D/anim/musketeer.sprite.attack_artillery.png
heroes/musketeer/musketeer_D/anim/musketeer.sprite.attack_bandage.png
heroes/musketeer/musketeer_D/anim/musketeer.sprite.attack_pistol.png
heroes/musketeer/musketeer_D/anim/musketeer.sprite.attack_point.png
heroes/musketeer/musketeer_D/anim/musketeer.sprite.attack_rifle.png
heroes/musketeer/musketeer_D/anim/musketeer.sprite.camp.png
heroes/musketeer/musketeer_D/anim/musketeer.sprite.combat.png
heroes/musketeer/musketeer_D/anim/musketeer.sprite.defend.png
heroes/musketeer/musketeer_D/anim/musketeer.sprite.heroic.png
heroes/musketeer/musketeer_D/anim/musketeer.sprite.idle.png
heroes/musketeer/musketeer_D/anim/musketeer.sprite.investigate.png
heroes/musketeer/musketeer_D/anim/musketeer.sprite.walk.png
modes/bloodmoon/upgrades/heroes/musketeer.upgrades.json
modes/new_game_plus/upgrades/heroes/musketeer.upgrades.json
modes/radiant/upgrades/heroes/musketeer.upgrades.json
heroes/musketeer/anim/musketeer.sprite.afflicted.atlas
heroes/musketeer/anim/musketeer.sprite.afflicted.skel
heroes/musketeer/anim/musketeer.sprite.attack_artillery.atlas
heroes/musketeer/anim/musketeer.sprite.attack_artillery.skel
heroes/musketeer/anim/musketeer.sprite.attack_bandage.atlas
heroes/musketeer/anim/musketeer.sprite.attack_bandage.skel
heroes/musketeer/anim/musketeer.sprite.attack_pistol.atlas
heroes/musketeer/anim/musketeer.sprite.attack_pistol.skel
heroes/musketeer/anim/musketeer.sprite.attack_point.atlas
heroes/musketeer/anim/musketeer.sprite.attack_point.skel
heroes/musketeer/anim/musketeer.sprite.attack_rifle.atlas
heroes/musketeer/anim/musketeer.sprite.attack_rifle.skel
heroes/musketeer/anim/musketeer.sprite.camp.atlas
heroes/musketeer/anim/musketeer.sprite.camp.skel
heroes/musketeer/anim/musketeer.sprite.combat.atlas
heroes/musketeer/anim/musketeer.sprite.combat.skel
heroes/musketeer/anim/musketeer.sprite.defend.atlas
heroes/musketeer/anim/musketeer.sprite.defend.skel
heroes/musketeer/anim/musketeer.sprite.heroic.atlas
heroes/musketeer/anim/musketeer.sprite.heroic.skel
heroes/musketeer/anim/musketeer.sprite.idle.atlas
heroes/musketeer/anim/musketeer.sprite.idle.skel
heroes/musketeer/anim/musketeer.sprite.investigate.atlas
heroes/musketeer/anim/musketeer.sprite.investigate.skel
heroes/musketeer/anim/musketeer.sprite.walk.atlas
heroes/musketeer/anim/musketeer.sprite.walk.skel
heroes/musketeer/fx/musketeer.sprite.aimed_shot.atlas
heroes/musketeer/fx/musketeer.sprite.aimed_shot.png
heroes/musketeer/fx/musketeer.sprite.aimed_shot.skel
heroes/musketeer/fx/musketeer.sprite.aimed_shot_target.atlas
heroes/musketeer/fx/musketeer.sprite.aimed_shot_target.png
heroes/musketeer/fx/musketeer.sprite.aimed_shot_target.skel
heroes/musketeer/fx/musketeer.sprite.buckshot.atlas
heroes/musketeer/fx/musketeer.sprite.buckshot.png
heroes/musketeer/fx/musketeer.sprite.buckshot.skel
heroes/musketeer/fx/musketeer.sprite.buckshot_target.atlas
heroes/musketeer/fx/musketeer.sprite.buckshot_target.png
heroes/musketeer/fx/musketeer.sprite.buckshot_target.skel
heroes/musketeer/fx/musketeer.sprite.call_the_shot.atlas
heroes/musketeer/fx/musketeer.sprite.call_the_shot.png
heroes/musketeer/fx/musketeer.sprite.call_the_shot.skel
heroes/musketeer/fx/musketeer.sprite.patch_up.atlas
heroes/musketeer/fx/musketeer.sprite.patch_up.png
heroes/musketeer/fx/musketeer.sprite.patch_up.skel
heroes/musketeer/fx/musketeer.sprite.patch_up_target.atlas
heroes/musketeer/fx/musketeer.sprite.patch_up_target.png
heroes/musketeer/fx/musketeer.sprite.patch_up_target.skel
heroes/musketeer/fx/musketeer.sprite.sidearm.atlas
heroes/musketeer/fx/musketeer.sprite.sidearm.png
heroes/musketeer/fx/musketeer.sprite.sidearm.skel
heroes/musketeer/fx/musketeer.sprite.sidearm_target.atlas
heroes/musketeer/fx/musketeer.sprite.sidearm_target.png
heroes/musketeer/fx/musketeer.sprite.sidearm_target.skel
heroes/musketeer/fx/musketeer.sprite.skeet_shot.atlas
heroes/musketeer/fx/musketeer.sprite.skeet_shot.png
heroes/musketeer/fx/musketeer.sprite.skeet_shot.skel
heroes/musketeer/fx/musketeer.sprite.smokescreen.atlas
heroes/musketeer/fx/musketeer.sprite.smokescreen.png
heroes/musketeer/fx/musketeer.sprite.smokescreen.skel
heroes/musketeer/fx/musketeer.sprite.smokescreen_target.atlas
heroes/musketeer/fx/musketeer.sprite.smokescreen_target.png
heroes/musketeer/fx/musketeer.sprite.smokescreen_target.skel
heroes/musketeer/icons_equip/eqp_armour_0.png
heroes/musketeer/icons_equip/eqp_armour_1.png
heroes/musketeer/icons_equip/eqp_armour_2.png
heroes/musketeer/icons_equip/eqp_armour_3.png
heroes/musketeer/icons_equip/eqp_armour_4.png
heroes/musketeer/icons_equip/eqp_weapon_0.png
heroes/musketeer/icons_equip/eqp_weapon_1.png
heroes/musketeer/icons_equip/eqp_weapon_2.png
heroes/musketeer/icons_equip/eqp_weapon_3.png
heroes/musketeer/icons_equip/eqp_weapon_4.png
heroes/musketeer/musketeer_A/musketeer_portrait_roster.png
heroes/musketeer/musketeer_B/musketeer_portrait_roster.png
heroes/musketeer/musketeer_C/musketeer_portrait_roster.png
heroes/musketeer/musketeer_D/musketeer_portrait_roster.png
raid/camping/skill_icons/camp_skill_field_dressing_musk.png
raid/camping/skill_icons/camp_skill_marching_plan_musk.png
raid/camping/skill_icons/camp_skill_triage_musk.png
audio/secondary_banks/hero_musketeer.bank
campaign/provision/musketeer.provision.json
campaign/roster/musketeer.roster.groups.json
heroes/musketeer/musketeer.ability.five.png
heroes/musketeer/musketeer.ability.four.png
heroes/musketeer/musketeer.ability.one.png
heroes/musketeer/musketeer.ability.seven.png
heroes/musketeer/musketeer.ability.six.png
heroes/musketeer/musketeer.ability.three.png
heroes/musketeer/musketeer.ability.two.png
heroes/musketeer/musketeer.art.darkest
heroes/musketeer/musketeer.info.darkest
heroes/musketeer/musketeer.override.darkest
heroes/musketeer/musketeer_guild_header.png
raid/camping/default.camping_skills.json
raid/camping/musketeer.camping_skills.json
shared/buffs/musketeer.buffs.json
upgrades/heroes/musketeer.upgrades.json
audio/musketeer.campaign.guid_overrides.json
audio/musketeer.heroes.load_order.json
effects/musketeer.effects.darkest
localization/1973207593_brazilian.loc
localization/1973207593_czech.loc
localization/1973207593_english.loc
localization/1973207593_french.loc
localization/1973207593_german.loc
localization/1973207593_italian.loc
localization/1973207593_japanese.loc
localization/1973207593_koreana.loc
localization/1973207593_koreanb.loc
localization/1973207593_polish.loc
localization/1973207593_russian.loc
localization/1973207593_schinese.loc
localization/1973207593_spanish.loc
localization/SDL2.dll
localization/fmod.dll
localization/fmodstudio.dll
localization/glew32.dll
localization/localization.bat
localization/localization.exe
localization/musketeer.string_table.xml
localization/steam_api.dll
trinkets/musketeer.entries.trinkets.json
CONTRIBUTING.md
README.md
modfiles.txt
preview_icon.png
project.xml
rework_musketeer.xml

Submitting..................................................................................................................Submitted.
Saving project file D:\musketeer\rework_musketeer.xml

